<?xml version="1.0" encoding="UTF-8"?>
<!-- Generated by org.testng.reporters.JUnitReportReporter -->
<testsuite name="org.mdt.ngtest.NgExample" tests="1" time="0.012" ignored="0" failures="0" timestamp="15 Jan 2020 23:21:11 GMT" skipped="0" hostname="DESKTOP-JNRT4S4" errors="0">
  <testcase name="f" time="0.012" classname="org.mdt.ngtest.NgExample"/>
</testsuite> <!-- org.mdt.ngtest.NgExample -->
