<?xml version="1.0" encoding="UTF-8"?>
<!-- Generated by org.testng.reporters.JUnitReportReporter -->
<testsuite name="org.mdt.ngtest.FacebookTest" tests="1" time="31.469" ignored="0" failures="0" timestamp="15 Jan 2020 23:33:49 GMT" skipped="0" hostname="DESKTOP-JNRT4S4" errors="0">
  <testcase name="f" time="31.469" classname="org.mdt.ngtest.FacebookTest"/>
</testsuite> <!-- org.mdt.ngtest.FacebookTest -->
